.git  [0 md]
Calico-配置指南  [3 md]
CI-CD总览  [2 md]
CNI总览  [1 md]
eBPF-可观测性  [3 md]
HiAgent  [0 md]
K8s基础  [1 md]
临时文件  [0 md]
供应链安全  [2 md]
全局参考  [2 md]
可观测性  [9 md]
可靠性保障  [0 md]
备份容灾  [1 md]
外网资源同步  [3 md]
存储管理  [1 md]
密钥管理  [1 md]
密钥进阶  [1 md]
工作日志  [3 md]
弹性伸缩  [1 md]
数据库部署  [4 md]
方案1-Jenkins-ArgoCD  [11 md]
方案2-GitLab-ArgoCD  [7 md]
方案3-Argo-Rollouts  [4 md]
服务网格  [3 md]
流量入口  [1 md]
混沌工程-ChaosMesh  [1 md]
版本升级  [3 md]
策略即代码-Kyverno  [1 md]
运维脚本  [0 md]
运行时安全  [1 md]
部署工具  [0 md]
镜像仓库  [1 md]
